Sep 06 13:15 : avahi: Service 'Music Player @ gnash21' successfully established.
Sep 06 13:31 : player: played "Cartoon - On & On (feat. Daniel Levi) [NCS Release].mp3"
Sep 06 13:34 : player: played "Cartoon - On & On (feat. Daniel Levi) [NCS Release].mp3"
Sep 06 08:12 : player: played "Culture Code - Make Me Move (feat. Karra) [NCS Release].mp3"
Sep 06 08:14 : avahi: Service 'Music Player @ gnash21' successfully established.
Sep 06 08:17 : player: played "Cartoon - On & On (feat. Daniel Levi) [NCS Release].mp3"
Sep 06 08:18 : avahi: Service 'Music Player @ gnash21' successfully established.
Sep 06 08:18 : player: played "Cartoon - On & On (feat. Daniel Levi) [NCS Release].mp3"
Sep 06 08:22 : player: played "Culture Code - Make Me Move (feat. Karra) [NCS Release].mp3"
Sep 06 08:25 : player: played "Janji - Heroes Tonight (feat. Johnning) [NCS Release].mp3"
Sep 06 08:29 : player: played "N3WPORT - Power (feat. braev) [NCS Release].mp3"
Sep 06 08:32 : player: played "NEFFEX - Grateful [Copyright Free].mp3"
Sep 06 08:35 : player: played "Cartoon - On & On (feat. Daniel Levi) [NCS Release].mp3"
Sep 06 08:38 : player: played "Culture Code - Make Me Move (feat. Karra) [NCS Release].mp3"
Sep 06 08:42 : avahi: Service 'Music Player @ gnash21' successfully established.
Sep 06 08:46 : player: played "Cartoon - On & On (feat. Daniel Levi) [NCS Release].mp3"
Sep 06 08:49 : player: played "Culture Code - Make Me Move (feat. Karra) [NCS Release].mp3"
Sep 06 08:54 : avahi: Service 'Music Player @ gnash21' successfully established.
Sep 06 08:55 : player: played "Culture Code - Make Me Move (feat. Karra) [NCS Release].mp3"
Sep 06 08:57 : avahi: Service 'Music Player @ gnash21' successfully established.
Sep 06 08:58 : player: played "Culture Code - Make Me Move (feat. Karra) [NCS Release].mp3"
Sep 06 09:01 : avahi: Service 'Music Player @ gnash21' successfully established.
Sep 06 09:02 : avahi: Service 'Music Player @ gnash21' successfully established.
Sep 06 09:03 : player: played "Janji - Heroes Tonight (feat. Johnning) [NCS Release].mp3"
Sep 06 09:05 : avahi: Service 'Music Player @ gnash21' successfully established.
Sep 06 09:07 : player: played "N3WPORT - Power (feat. braev) [NCS Release].mp3"
Sep 06 09:08 : avahi: Service 'Music Player @ gnash21' successfully established.
Sep 06 09:09 : avahi: Service 'Music Player @ gnash21' successfully established.
Sep 06 09:10 : player: played "N3WPORT - Power (feat. braev) [NCS Release].mp3"
Sep 06 09:13 : player: played "NEFFEX - Grateful [Copyright Free].mp3"
Sep 06 09:17 : player: played "Cartoon - On & On (feat. Daniel Levi) [NCS Release].mp3"
Sep 06 09:19 : avahi: Service 'Music Player @ gnash21' successfully established.
Sep 06 09:20 : player: played "Culture Code - Make Me Move (feat. Karra) [NCS Release].mp3"
Sep 06 09:22 : avahi: Service 'Music Player @ gnash21' successfully established.
Sep 06 09:24 : avahi: Service 'Music Player @ gnash21' successfully established.
Sep 06 09:25 : player: played "Culture Code - Make Me Move (feat. Karra) [NCS Release].mp3"
Sep 06 09:28 : avahi: Service 'Music Player @ gnash21' successfully established.
Sep 06 09:30 : avahi: Service 'Music Player @ gnash21' successfully established.
Sep 06 09:31 : player: played "Janji - Heroes Tonight (feat. Johnning) [NCS Release].mp3"
Sep 06 09:34 : player: played "N3WPORT - Power (feat. braev) [NCS Release].mp3"
Sep 06 09:37 : player: played "NEFFEX - Grateful [Copyright Free].mp3"
Sep 06 09:41 : player: played "Cartoon - On & On (feat. Daniel Levi) [NCS Release].mp3"
Sep 06 09:44 : player: played "Culture Code - Make Me Move (feat. Karra) [NCS Release].mp3"
Sep 06 09:47 : avahi: Service 'Music Player @ gnash21' successfully established.
Sep 06 09:49 : player: played "Janji - Heroes Tonight (feat. Johnning) [NCS Release].mp3"
Sep 06 09:52 : player: played "N3WPORT - Power (feat. braev) [NCS Release].mp3"
Sep 06 09:55 : player: played "NEFFEX - Grateful [Copyright Free].mp3"
Sep 06 09:58 : player: played "Cartoon - On & On (feat. Daniel Levi) [NCS Release].mp3"
Sep 06 10:05 : player: played "Cartoon - On & On (feat. Daniel Levi) [NCS Release].mp3"
Sep 06 10:08 : player: played "Culture Code - Make Me Move (feat. Karra) [NCS Release].mp3"
Sep 06 10:11 : player: played "Janji - Heroes Tonight (feat. Johnning) [NCS Release].mp3"
Sep 06 10:15 : player: played "N3WPORT - Power (feat. braev) [NCS Release].mp3"
Sep 06 10:18 : player: played "NEFFEX - Grateful [Copyright Free].mp3"
Sep 06 10:21 : player: played "Cartoon - On & On (feat. Daniel Levi) [NCS Release].mp3"
Sep 06 10:25 : player: played "Culture Code - Make Me Move (feat. Karra) [NCS Release].mp3"
Sep 06 10:28 : player: played "Janji - Heroes Tonight (feat. Johnning) [NCS Release].mp3"
Sep 06 10:31 : player: played "N3WPORT - Power (feat. braev) [NCS Release].mp3"
Sep 06 10:34 : player: played "NEFFEX - Grateful [Copyright Free].mp3"
Sep 06 10:38 : player: played "Cartoon - On & On (feat. Daniel Levi) [NCS Release].mp3"
Sep 06 10:40 : avahi: Service 'Music Player @ gnash21' successfully established.
Sep 06 10:42 : player: played "Culture Code - Make Me Move (feat. Karra) [NCS Release].mp3"
Sep 06 10:42 : avahi: Service 'Music Player @ gnash21' successfully established.
Sep 06 10:44 : player: played "Culture Code - Make Me Move (feat. Karra) [NCS Release].mp3"
Sep 06 10:45 : avahi: Service 'Music Player @ gnash21' successfully established.
Sep 06 10:46 : avahi: Service 'Music Player @ gnash21' successfully established.
Sep 06 10:47 : player: played "Culture Code - Make Me Move (feat. Karra) [NCS Release].mp3"
Sep 06 10:48 : avahi: Service 'Music Player @ gnash21' successfully established.
Sep 06 10:49 : avahi: Service 'Music Player @ gnash21' successfully established.
Sep 06 10:50 : player: played "Culture Code - Make Me Move (feat. Karra) [NCS Release].mp3"
Sep 06 10:54 : player: played "Janji - Heroes Tonight (feat. Johnning) [NCS Release].mp3"
Sep 06 10:57 : player: played "N3WPORT - Power (feat. braev) [NCS Release].mp3"
Sep 06 11:00 : player: played "NEFFEX - Grateful [Copyright Free].mp3"
Sep 06 11:04 : player: played "Cartoon - On & On (feat. Daniel Levi) [NCS Release].mp3"
Sep 06 11:07 : player: played "Culture Code - Make Me Move (feat. Karra) [NCS Release].mp3"
Sep 06 11:10 : player: played "Janji - Heroes Tonight (feat. Johnning) [NCS Release].mp3"
Sep 06 11:14 : player: played "N3WPORT - Power (feat. braev) [NCS Release].mp3"
Sep 06 11:17 : player: played "NEFFEX - Grateful [Copyright Free].mp3"
Sep 06 11:30 : avahi: Service 'Music Player @ gnash21' successfully established.
Sep 06 11:34 : avahi: Service 'Music Player @ gnash21' successfully established.
Sep 06 11:50 : avahi: Service 'Music Player @ gnash21' successfully established.
Sep 06 11:53 : avahi: Service 'Music Player @ gnash21' successfully established.
Sep 06 12:25 : avahi: Service 'Music Player @ gnash21' successfully established.
Sep 06 19:15 : avahi: Service 'Music Player @ gnash21' successfully established.
Sep 06 19:19 : player: played "Cartoon - On & On (feat. Daniel Levi) [NCS Release].mp3"
Sep 06 19:22 : player: played "Culture Code - Make Me Move (feat. Karra) [NCS Release].mp3"
Sep 06 19:26 : player: played "Janji - Heroes Tonight (feat. Johnning) [NCS Release].mp3"
Sep 06 19:29 : player: played "N3WPORT - Power (feat. braev) [NCS Release].mp3"
Sep 06 19:32 : player: played "NEFFEX - Grateful [Copyright Free].mp3"
Sep 06 20:37 : player: played "Cartoon - On & On (feat. Daniel Levi) [NCS Release].mp3"
Sep 06 20:38 : avahi: Service 'Music Player @ gnash21' successfully established.
Sep 06 20:40 : player: played "Cartoon - On & On (feat. Daniel Levi) [NCS Release].mp3"
Sep 06 20:41 : avahi: Service 'Music Player @ gnash21' successfully established.
Sep 06 22:56 : avahi: Service 'Music Player @ gnash21' successfully established.
Sep 06 22:59 : player: played "Cartoon - On & On (feat. Daniel Levi) [NCS Release].mp3"
